<?xml version="1.0" encoding="UTF-8"?>
<testsuite name="com.trello.tests.BoardCreationTest" tests="1" skipped="0" failures="0" errors="0" timestamp="2019-09-08T17:24:28" hostname="LAPTOP-G2K9F2C5" time="3.38">
  <properties/>
  <testcase name="testBoardCreation" classname="com.trello.tests.BoardCreationTest" time="3.38"/>
  <system-out><![CDATA[]]></system-out>
  <system-err><![CDATA[Starting ChromeDriver 76.0.3809.68 (420c9498db8ce8fcd190a954d51297672c1515d5-refs/branch-heads/3809@{#864}) on port 43032
Only local connections are allowed.
Please protect ports used by ChromeDriver and related test frameworks to prevent access by malicious code.
[1567963458.121][WARNING]: Timed out connecting to Chrome, retrying...
сен 08, 2019 8:24:20 PM org.openqa.selenium.remote.ProtocolHandshake createSession
INFO: Detected dialect: W3C
[1567963462.190][WARNING]: Timed out connecting to Chrome, retrying...
]]></system-err>
</testsuite>
