<?xml version="1.0" encoding="UTF-8"?>
<testsuite name="com.trello.tests.BoardCreationTest" tests="1" skipped="0" failures="0" errors="0" timestamp="2019-09-04T07:10:47" hostname="LAPTOP-G2K9F2C5" time="3.014">
  <properties/>
  <testcase name="testBoardCreation" classname="com.trello.tests.BoardCreationTest" time="3.014"/>
  <system-out><![CDATA[]]></system-out>
  <system-err><![CDATA[Starting ChromeDriver 76.0.3809.68 (420c9498db8ce8fcd190a954d51297672c1515d5-refs/branch-heads/3809@{#864}) on port 12290
Only local connections are allowed.
Please protect ports used by ChromeDriver and related test frameworks to prevent access by malicious code.
[1567581036.123][WARNING]: Timed out connecting to Chrome, retrying...
сен 04, 2019 10:10:38 AM org.openqa.selenium.remote.ProtocolHandshake createSession
INFO: Detected dialect: W3C
[1567581040.208][WARNING]: Timed out connecting to Chrome, retrying...
]]></system-err>
</testsuite>
