<?xml version="1.0" encoding="UTF-8"?>
<testsuite name="com.trello.qa.tests.TeamCreationTest" tests="11" skipped="0" failures="0" errors="0" timestamp="2019-10-03T15:18:11" hostname="LAPTOP-G2K9F2C5" time="424.904">
  <properties/>
  <testcase name="testTeamCreationFromButtonOnHeader" classname="com.trello.qa.tests.TeamCreationTest" time="40.779"/>
  <testcase name="testTeamCreationFromButtonOnHeaderWithDataProvider[0](name, description)" classname="com.trello.qa.tests.TeamCreationTest" time="35.306"/>
  <testcase name="testTeamCreationFromButtonOnHeaderWithDataProvider[1](NAME, DESCR)" classname="com.trello.qa.tests.TeamCreationTest" time="35.418"/>
  <testcase name="testTeamCreationFromButtonOnHeaderWithDataProvider[2](naME1, !@#3)" classname="com.trello.qa.tests.TeamCreationTest" time="35.358"/>
  <testcase name="testTeamCreationFromButtonOnHeaderWithDataProvider[3](Name%, 23445)" classname="com.trello.qa.tests.TeamCreationTest" time="35.353"/>
  <testcase name="testTeamCreationFromButtonOnHeaderWithDataProvider[4](Name%, )" classname="com.trello.qa.tests.TeamCreationTest" time="35.361"/>
  <testcase name="testTeamCreationFromButtonOnHeaderWithDataProviderFromcsv[0](com.trello.qa.model.TeamData@2be73b83)" classname="com.trello.qa.tests.TeamCreationTest" time="39.955"/>
  <testcase name="testTeamCreationFromButtonOnHeaderWithDataProviderFromcsv[1](com.trello.qa.model.TeamData@1e1f5a54)" classname="com.trello.qa.tests.TeamCreationTest" time="41.675"/>
  <testcase name="testTeamCreationFromButtonOnHeaderWithDataProviderFromcsv[2](com.trello.qa.model.TeamData@645b0e7)" classname="com.trello.qa.tests.TeamCreationTest" time="44.041"/>
  <testcase name="testTeamCreationFromButtonOnHeaderWithDataProviderFromcsv[3](com.trello.qa.model.TeamData@2a26c0fe)" classname="com.trello.qa.tests.TeamCreationTest" time="43.497"/>
  <testcase name="testTeamCreationFromLeftNavMenu" classname="com.trello.qa.tests.TeamCreationTest" time="37.986"/>
  <system-out><![CDATA[]]></system-out>
  <system-err><![CDATA[console.error: BroadcastService: 
  receivedBroadcastMessage: handler for
  remote-settings/monitor_changes
  threw error:
  Message: Error: Polling for changes failed: http://%(server)s/dummy/blocklist//buckets/monitor/collections/changes/records?_expected=%221570060812407%22 is not a valid URL..
  Stack:
    remoteSettingsFunction/remoteSettings.pollChanges@resource://services-settings/remote-settings.js:201:13

1570116185020	Marionette	WARN	TimedPromise timed out after 500 ms: stacktrace:
bail@chrome://marionette/content/sync.js:223:64
1570116196240	Marionette	WARN	TimedPromise timed out after 500 ms: stacktrace:
bail@chrome://marionette/content/sync.js:223:64
1570116202005	Marionette	WARN	TimedPromise timed out after 500 ms: stacktrace:
bail@chrome://marionette/content/sync.js:223:64
1570116202760	Marionette	WARN	TimedPromise timed out after 500 ms: stacktrace:
bail@chrome://marionette/content/sync.js:223:64
1570116203564	Marionette	WARN	TimedPromise timed out after 500 ms: stacktrace:
bail@chrome://marionette/content/sync.js:223:64
1570116204460	Marionette	WARN	TimedPromise timed out after 500 ms: stacktrace:
bail@chrome://marionette/content/sync.js:223:64
1570116208217	Marionette	WARN	TimedPromise timed out after 500 ms: stacktrace:
bail@chrome://marionette/content/sync.js:223:64
1570116229031	Marionette	WARN	TimedPromise timed out after 500 ms: stacktrace:
bail@chrome://marionette/content/sync.js:223:64
1570116240324	Marionette	WARN	TimedPromise timed out after 500 ms: stacktrace:
bail@chrome://marionette/content/sync.js:223:64
1570116246056	Marionette	WARN	TimedPromise timed out after 500 ms: stacktrace:
bail@chrome://marionette/content/sync.js:223:64
1570116246821	Marionette	WARN	TimedPromise timed out after 500 ms: stacktrace:
bail@chrome://marionette/content/sync.js:223:64
1570116247623	Marionette	WARN	TimedPromise timed out after 500 ms: stacktrace:
bail@chrome://marionette/content/sync.js:223:64
1570116248533	Marionette	WARN	TimedPromise timed out after 500 ms: stacktrace:
bail@chrome://marionette/content/sync.js:223:64
1570116272997	Marionette	WARN	TimedPromise timed out after 500 ms: stacktrace:
bail@chrome://marionette/content/sync.js:223:64
1570116283830	Marionette	WARN	TimedPromise timed out after 500 ms: stacktrace:
bail@chrome://marionette/content/sync.js:223:64
1570116284572	Marionette	WARN	TimedPromise timed out after 500 ms: stacktrace:
bail@chrome://marionette/content/sync.js:223:64
1570116285384	Marionette	WARN	TimedPromise timed out after 500 ms: stacktrace:
bail@chrome://marionette/content/sync.js:223:64
1570116286201	Marionette	WARN	TimedPromise timed out after 500 ms: stacktrace:
bail@chrome://marionette/content/sync.js:223:64
1570116290143	Marionette	WARN	TimedPromise timed out after 500 ms: stacktrace:
bail@chrome://marionette/content/sync.js:223:64
1570116311026	Marionette	WARN	TimedPromise timed out after 500 ms: stacktrace:
bail@chrome://marionette/content/sync.js:223:64
]]></system-err>
</testsuite>
