<?xml version="1.0" encoding="UTF-8"?>
<testsuite name="com.trello.qa.tests.TeamDeletionTest" tests="1" skipped="0" failures="0" errors="0" timestamp="2019-09-24T18:37:03" hostname="LAPTOP-G2K9F2C5" time="5.015">
  <properties/>
  <testcase name="deleteTeamFromLeftNavMenu" classname="com.trello.qa.tests.TeamDeletionTest" time="5.015"/>
  <system-out><![CDATA[]]></system-out>
  <system-err><![CDATA[]]></system-err>
</testsuite>
