<?xml version="1.0" encoding="UTF-8"?>
<testsuite name="com.trello.tests.TeamCreationTest" tests="1" skipped="0" failures="0" errors="0" timestamp="2019-09-05T10:56:23" hostname="LAPTOP-G2K9F2C5" time="4.57">
  <properties/>
  <testcase name="testTeamCreationFromButtonOnHeader" classname="com.trello.tests.TeamCreationTest" time="4.57"/>
  <system-out><![CDATA[]]></system-out>
  <system-err><![CDATA[Starting ChromeDriver 76.0.3809.68 (420c9498db8ce8fcd190a954d51297672c1515d5-refs/branch-heads/3809@{#864}) on port 35289
Only local connections are allowed.
Please protect ports used by ChromeDriver and related test frameworks to prevent access by malicious code.
[1567680972.054][WARNING]: Timed out connecting to Chrome, retrying...
сен 05, 2019 1:56:14 PM org.openqa.selenium.remote.ProtocolHandshake createSession
INFO: Detected dialect: W3C
[1567680976.216][WARNING]: Timed out connecting to Chrome, retrying...
]]></system-err>
</testsuite>
