<?xml version="1.0" encoding="UTF-8"?>
<testsuite name="com.trello.qa.tests.BoardDeletionTest" tests="1" skipped="0" failures="0" errors="0" timestamp="2019-09-25T11:33:38" hostname="LAPTOP-G2K9F2C5" time="265.029">
  <properties/>
  <testcase name="testDeleteBoard" classname="com.trello.qa.tests.BoardDeletionTest" time="265.029"/>
  <system-out><![CDATA[]]></system-out>
  <system-err><![CDATA[]]></system-err>
</testsuite>
